e:\!projects\c++\!hacksreborn\sfplugin\release\vc141.pdb
e:\!projects\c++\!hacksreborn\sfplugin\release\imgui.obj
e:\!projects\c++\!hacksreborn\sfplugin\release\wallshot.obj
e:\!projects\c++\!hacksreborn\sfplugin\release\wallhack_newnametags.obj
e:\!projects\c++\!hacksreborn\sfplugin\release\turbocontrol.obj
e:\!projects\c++\!hacksreborn\sfplugin\release\playerslist.obj
e:\!projects\c++\!hacksreborn\sfplugin\release\onebulletkill.obj
e:\!projects\c++\!hacksreborn\sfplugin\release\megabmxjump.obj
e:\!projects\c++\!hacksreborn\sfplugin\release\inputhelper.obj
e:\!projects\c++\!hacksreborn\sfplugin\release\fix.obj
e:\!projects\c++\!hacksreborn\sfplugin\release\bmxspeedhack.obj
e:\!projects\c++\!hacksreborn\sfplugin\release\binder.obj
e:\!projects\c++\!hacksreborn\sfplugin\release\autoshot.obj
e:\!projects\c++\!hacksreborn\sfplugin\release\arizonalemulator.obj
e:\!projects\c++\!hacksreborn\sfplugin\release\altclicker.obj
e:\!projects\c++\!hacksreborn\sfplugin\release\airbrake.obj
e:\!projects\c++\!hacksreborn\sfplugin\release\aimbot.obj
e:\!projects\c++\!hacksreborn\sfplugin\release\1linehacks.obj
e:\!projects\c++\!hacksreborn\sfplugin\release\hacksmanager.obj
e:\!projects\c++\!hacksreborn\sfplugin\release\globalfuncs.obj
e:\!projects\c++\!hacksreborn\sfplugin\release\cmfont.obj
e:\!projects\c++\!hacksreborn\sfplugin\release\main.obj
e:\!projects\c++\!hacksreborn\sfplugin\release\imgui_widgets.obj
e:\!projects\c++\!hacksreborn\sfplugin\release\imgui_tables.obj
e:\!projects\c++\!hacksreborn\sfplugin\release\imgui_stdlib.obj
e:\!projects\c++\!hacksreborn\sfplugin\release\imgui_impl_win32.obj
e:\!projects\c++\!hacksreborn\sfplugin\release\imgui_impl_dx9.obj
e:\!projects\c++\!hacksreborn\sfplugin\release\imgui_draw.obj
e:\!projects\c++\!hacksreborn\sfplugin\release\imgui_demo.obj
e:\!projects\c++\!hacksreborn\sfplugin\release\cmtimer.obj
e:\!projects\c++\!hacksreborn\sfplugin\release\cmreplacer.obj
e:\!projects\c++\!hacksreborn\sfplugin\release\cmlogger.obj
e:\!projects\c++\!hacksreborn\sfplugin\release\fogdist.obj
e:\!projects\c++\!hacksreborn\sfplugin\release\customrun.obj
e:\!projects\c++\!hacksreborn\sfplugin\release\sampsnipps.obj
e:\!projects\c++\!hacksreborn\sfplugin\release\conditions.obj
e:\!projects\c++\!hacksreborn\sfplugin\release\computer.obj
e:\!projects\c++\!hacksreborn\sfplugin\release\strings.obj
e:\!projects\c++\!hacksreborn\sfplugin\release\numbers.obj
e:\!projects\c++\!hacksreborn\sfplugin\release\keyboardmouse.obj
e:\gtasamps\gta 140k by dapo show\sampfuncs\hacksreborn.sf
e:\gtasamps\gta 140k by dapo show\sampfuncs\hacksreborn.pdb
e:\!projects\c++\!hacksreborn\sfplugin\release\json_reader.obj
e:\!projects\c++\!hacksreborn\sfplugin\release\json_value.obj
e:\!projects\c++\!hacksreborn\sfplugin\release\json_writer.obj
e:\!projects\c++\!hacksreborn\sfplugin\release\speedcontrol.obj
e:\!projects\c++\!hacksreborn\sfplugin\..\..\..\..\gtasamps\gta 140k by dapo show\sampfuncs\hacksreborn.sf
e:\!projects\c++\!hacksreborn\sfplugin\release\sfplugin.tlog\cl.command.1.tlog
e:\!projects\c++\!hacksreborn\sfplugin\release\sfplugin.tlog\cl.read.1.tlog
e:\!projects\c++\!hacksreborn\sfplugin\release\sfplugin.tlog\cl.write.1.tlog
e:\!projects\c++\!hacksreborn\sfplugin\release\sfplugin.tlog\link.command.1.tlog
e:\!projects\c++\!hacksreborn\sfplugin\release\sfplugin.tlog\link.read.1.tlog
e:\!projects\c++\!hacksreborn\sfplugin\release\sfplugin.tlog\link.write.1.tlog
